<?xml version="1.0" encoding="UTF-8"?>
<!-- Generated by org.testng.reporters.JUnitReportReporter -->
<testsuite skipped="0" hostname="LAPTOP-39PT6EI4" name="testng2" tests="4" failures="0" timestamp="2021-08-16T15:24:43 IST" time="0.008" errors="0">
  <testcase name="testTwo" time="0.001" classname="testng2"/>
  <system-out/>
  <testcase name="testOne" time="0.006" classname="testng2"/>
  <system-out/>
  <testcase name="test4" time="0.000" classname="testng2"/>
  <system-out/>
  <testcase name="test3" time="0.001" classname="testng2"/>
  <system-out/>
</testsuite> <!-- testng2 -->
