<?xml version="1.0" encoding="UTF-8"?>
<!-- Generated by org.testng.reporters.JUnitReportReporter -->
<testsuite skipped="0" hostname="LAPTOP-39PT6EI4" name="testng$ExampleTest" tests="2" failures="0" timestamp="2021-08-16T18:51:45 IST" time="0.008" errors="0">
  <testcase name="testTwo" time="0.003" classname="testng$ExampleTest"/>
  <system-out/>
  <testcase name="testOne" time="0.005" classname="testng$ExampleTest"/>
  <system-out/>
</testsuite> <!-- testng$ExampleTest -->
